2016-08-19 14:56:29.7941|Microsoft.AspNetCore.Hosting.Internal.WebHost|DEBUG|Hosting starting 
2016-08-19 14:56:29.9262|Microsoft.AspNetCore.Hosting.Internal.WebHost|DEBUG|Hosting started 
2016-08-19 15:04:48.8167|Microsoft.AspNetCore.Hosting.Internal.WebHost|DEBUG|Hosting starting 
2016-08-19 15:04:48.9428|Microsoft.AspNetCore.Hosting.Internal.WebHost|DEBUG|Hosting started 
2016-08-19 15:04:54.7577|Microsoft.AspNetCore.Server.Kestrel|DEBUG|Connection id "0HKU7VSFN3ES9" started. 
2016-08-19 15:04:54.8617|Microsoft.AspNetCore.Hosting.Internal.WebHost|INFO|Request starting HTTP/1.1 GET http://localhost:5000/   
2016-08-19 15:04:54.8887|Microsoft.AspNetCore.StaticFiles.StaticFileMiddleware|DEBUG|The request path / does not match a supported file type 
2016-08-19 15:04:55.0299|Microsoft.AspNetCore.Routing.RouteBase|DEBUG|Request successfully matched the route with name 'default' and template '{controller=Home}/{action=Index}/{id?}'. 
2016-08-19 15:04:55.0999|Microsoft.AspNetCore.Mvc.Internal.ControllerActionInvoker|DEBUG|Executing action Novel.Web.Controllers.HomeController.Index (Novel.Web) 
2016-08-19 15:04:55.1699|Microsoft.AspNetCore.Mvc.Internal.ControllerActionInvoker|INFO|Executing action method Novel.Web.Controllers.HomeController.Index (Novel.Web) with arguments () - ModelState is Valid 
2016-08-19 15:04:55.1699|Novel.Web|INFO|日志测试：/Home/Index 
2016-08-19 15:04:55.1990|Microsoft.AspNetCore.Mvc.Internal.ControllerActionInvoker|DEBUG|Executed action method Novel.Web.Controllers.HomeController.Index (Novel.Web), returned result Microsoft.AspNetCore.Mvc.ViewResult. 
2016-08-19 15:04:55.3121|Microsoft.AspNetCore.Mvc.Razor.RazorViewEngine|DEBUG|View lookup cache miss for view 'Index' in controller 'Home'. 
2016-08-19 15:04:55.3451|Microsoft.AspNetCore.Mvc.Razor.Internal.RazorCompilationService|DEBUG|Code generation for the Razor file at '/Views/Home/Index.cshtml' started. 
2016-08-19 15:04:55.6863|Microsoft.AspNetCore.Mvc.Razor.Internal.RazorCompilationService|DEBUG|Code generation for the Razor file at '/Views/Home/Index.cshtml' completed in 337.8263ms. 
2016-08-19 15:04:55.7083|Microsoft.AspNetCore.Mvc.Razor.Internal.DefaultRoslynCompilationService|DEBUG|Compilation of the generated code for the Razor file at '/Views/Home/Index.cshtml' started. 
2016-08-19 15:04:56.7721|Microsoft.AspNetCore.Mvc.Razor.Internal.DefaultRoslynCompilationService|DEBUG|Compilation of the generated code for the Razor file at '/Views/Home/Index.cshtml' completed in 1063.3464ms. 
2016-08-19 15:04:56.7781|Microsoft.AspNetCore.Mvc.Razor.Internal.RazorCompilationService|DEBUG|Code generation for the Razor file at '/Views/_ViewStart.cshtml' started. 
2016-08-19 15:04:56.7781|Microsoft.AspNetCore.Mvc.Razor.Internal.RazorCompilationService|DEBUG|Code generation for the Razor file at '/Views/_ViewStart.cshtml' completed in 2.1926ms. 
2016-08-19 15:04:56.7781|Microsoft.AspNetCore.Mvc.Razor.Internal.DefaultRoslynCompilationService|DEBUG|Compilation of the generated code for the Razor file at '/Views/_ViewStart.cshtml' started. 
2016-08-19 15:04:56.8161|Microsoft.AspNetCore.Mvc.Razor.Internal.DefaultRoslynCompilationService|DEBUG|Compilation of the generated code for the Razor file at '/Views/_ViewStart.cshtml' completed in 34.6037ms. 
2016-08-19 15:04:56.8241|Microsoft.AspNetCore.Mvc.ViewFeatures.Internal.ViewResultExecutor|DEBUG|The view 'Index' was found. 
2016-08-19 15:04:56.8241|Microsoft.AspNetCore.Mvc.ViewFeatures.Internal.ViewResultExecutor|INFO|Executing ViewResult, running view at path /Views/Home/Index.cshtml. 
2016-08-19 15:04:56.9152|Microsoft.Extensions.DependencyInjection.DataProtectionServices|INFO|User profile is available. Using 'C:\Users\mrpen\AppData\Local\ASP.NET\DataProtection-Keys' as key repository and Windows DPAPI to encrypt keys at rest. 
2016-08-19 15:04:57.0563|Microsoft.AspNetCore.Mvc.Razor.RazorViewEngine|DEBUG|View lookup cache miss for view '_Layout' in controller 'Home'. 
2016-08-19 15:04:57.0563|Microsoft.AspNetCore.Mvc.Razor.Internal.RazorCompilationService|DEBUG|Code generation for the Razor file at '/Views/Shared/_Layout.cshtml' started. 
2016-08-19 15:04:57.0813|Microsoft.AspNetCore.Mvc.Razor.Internal.RazorCompilationService|DEBUG|Code generation for the Razor file at '/Views/Shared/_Layout.cshtml' completed in 23.2238ms. 
2016-08-19 15:04:57.0813|Microsoft.AspNetCore.Mvc.Razor.Internal.DefaultRoslynCompilationService|DEBUG|Compilation of the generated code for the Razor file at '/Views/Shared/_Layout.cshtml' started. 
2016-08-19 15:04:57.1113|Microsoft.AspNetCore.Mvc.Razor.Internal.DefaultRoslynCompilationService|DEBUG|Compilation of the generated code for the Razor file at '/Views/Shared/_Layout.cshtml' completed in 28.1404ms. 
2016-08-19 15:04:57.1894|Microsoft.AspNetCore.Mvc.Internal.ControllerActionInvoker|INFO|Executed action Novel.Web.Controllers.HomeController.Index (Novel.Web) in 2088.7685ms 
2016-08-19 15:04:57.1974|Microsoft.AspNetCore.Hosting.Internal.WebHost|INFO|Request finished in 2361.693ms 200 text/html; charset=utf-8 
2016-08-19 15:04:57.1974|Microsoft.AspNetCore.Server.Kestrel|DEBUG|Connection id "0HKU7VSFN3ES9" completed keep alive response. 
2016-08-19 15:05:34.0758|Microsoft.AspNetCore.Hosting.Internal.WebHost|DEBUG|Hosting starting 
2016-08-19 15:05:34.2109|Microsoft.AspNetCore.Hosting.Internal.WebHost|DEBUG|Hosting started 
2016-08-19 15:05:45.1161|Microsoft.AspNetCore.Server.Kestrel|DEBUG|Connection id "0HKU7VSUNBKAN" started. 
2016-08-19 15:05:45.2112|Microsoft.AspNetCore.Hosting.Internal.WebHost|INFO|Request starting HTTP/1.1 GET http://localhost:5000/   
2016-08-19 15:05:45.2412|Microsoft.AspNetCore.StaticFiles.StaticFileMiddleware|DEBUG|The request path / does not match a supported file type 
2016-08-19 15:05:45.3893|Microsoft.AspNetCore.Routing.RouteBase|DEBUG|Request successfully matched the route with name 'default' and template '{controller=Home}/{action=Index}/{id?}'. 
2016-08-19 15:05:45.4613|Microsoft.AspNetCore.Mvc.Internal.ControllerActionInvoker|DEBUG|Executing action Novel.Web.Controllers.HomeController.Index (Novel.Web) 
2016-08-19 15:05:45.5324|Microsoft.AspNetCore.Mvc.Internal.ControllerActionInvoker|INFO|Executing action method Novel.Web.Controllers.HomeController.Index (Novel.Web) with arguments () - ModelState is Valid 
2016-08-19 15:05:45.5324|Novel.Web|INFO|日志测试：/Home/Index 
2016-08-19 15:05:45.5394|Microsoft.AspNetCore.Mvc.Internal.ControllerActionInvoker|DEBUG|Executed action method Novel.Web.Controllers.HomeController.Index (Novel.Web), returned result Microsoft.AspNetCore.Mvc.ViewResult. 
2016-08-19 15:05:45.6465|Microsoft.AspNetCore.Mvc.Razor.RazorViewEngine|DEBUG|View lookup cache miss for view 'Index' in controller 'Home'. 
2016-08-19 15:05:45.6845|Microsoft.AspNetCore.Mvc.Razor.Internal.RazorCompilationService|DEBUG|Code generation for the Razor file at '/Views/Home/Index.cshtml' started. 
2016-08-19 15:05:46.0207|Microsoft.AspNetCore.Mvc.Razor.Internal.RazorCompilationService|DEBUG|Code generation for the Razor file at '/Views/Home/Index.cshtml' completed in 334.7254ms. 
2016-08-19 15:05:46.0407|Microsoft.AspNetCore.Mvc.Razor.Internal.DefaultRoslynCompilationService|DEBUG|Compilation of the generated code for the Razor file at '/Views/Home/Index.cshtml' started. 
2016-08-19 15:05:47.0795|Microsoft.AspNetCore.Mvc.Razor.Internal.DefaultRoslynCompilationService|DEBUG|Compilation of the generated code for the Razor file at '/Views/Home/Index.cshtml' completed in 1038.5963ms. 
2016-08-19 15:05:47.0795|Microsoft.AspNetCore.Mvc.Razor.Internal.RazorCompilationService|DEBUG|Code generation for the Razor file at '/Views/_ViewStart.cshtml' started. 
2016-08-19 15:05:47.0865|Microsoft.AspNetCore.Mvc.Razor.Internal.RazorCompilationService|DEBUG|Code generation for the Razor file at '/Views/_ViewStart.cshtml' completed in 2.1003ms. 
2016-08-19 15:05:47.0865|Microsoft.AspNetCore.Mvc.Razor.Internal.DefaultRoslynCompilationService|DEBUG|Compilation of the generated code for the Razor file at '/Views/_ViewStart.cshtml' started. 
2016-08-19 15:05:47.1195|Microsoft.AspNetCore.Mvc.Razor.Internal.DefaultRoslynCompilationService|DEBUG|Compilation of the generated code for the Razor file at '/Views/_ViewStart.cshtml' completed in 32.0042ms. 
2016-08-19 15:05:47.1195|Microsoft.AspNetCore.Mvc.ViewFeatures.Internal.ViewResultExecutor|DEBUG|The view 'Index' was found. 
2016-08-19 15:05:47.1195|Microsoft.AspNetCore.Mvc.ViewFeatures.Internal.ViewResultExecutor|INFO|Executing ViewResult, running view at path /Views/Home/Index.cshtml. 
2016-08-19 15:05:47.2136|Microsoft.Extensions.DependencyInjection.DataProtectionServices|INFO|User profile is available. Using 'C:\Users\mrpen\AppData\Local\ASP.NET\DataProtection-Keys' as key repository and Windows DPAPI to encrypt keys at rest. 
2016-08-19 15:05:47.3266|Microsoft.AspNetCore.Mvc.Razor.RazorViewEngine|DEBUG|View lookup cache miss for view '_Layout' in controller 'Home'. 
2016-08-19 15:05:47.3266|Microsoft.AspNetCore.Mvc.Razor.Internal.RazorCompilationService|DEBUG|Code generation for the Razor file at '/Views/Shared/_Layout.cshtml' started. 
2016-08-19 15:05:47.3497|Microsoft.AspNetCore.Mvc.Razor.Internal.RazorCompilationService|DEBUG|Code generation for the Razor file at '/Views/Shared/_Layout.cshtml' completed in 21.4327ms. 
2016-08-19 15:05:47.3497|Microsoft.AspNetCore.Mvc.Razor.Internal.DefaultRoslynCompilationService|DEBUG|Compilation of the generated code for the Razor file at '/Views/Shared/_Layout.cshtml' started. 
2016-08-19 15:05:47.3817|Microsoft.AspNetCore.Mvc.Razor.Internal.DefaultRoslynCompilationService|DEBUG|Compilation of the generated code for the Razor file at '/Views/Shared/_Layout.cshtml' completed in 30.9461ms. 
2016-08-19 15:05:47.4567|Microsoft.AspNetCore.Mvc.Internal.ControllerActionInvoker|INFO|Executed action Novel.Web.Controllers.HomeController.Index (Novel.Web) in 1995.1421ms 
2016-08-19 15:05:47.4637|Microsoft.AspNetCore.Hosting.Internal.WebHost|INFO|Request finished in 2274.1611ms 200 text/html; charset=utf-8 
2016-08-19 15:05:47.4637|Microsoft.AspNetCore.Server.Kestrel|DEBUG|Connection id "0HKU7VSUNBKAN" completed keep alive response. 
2016-08-19 15:05:52.6525|Microsoft.AspNetCore.Hosting.Internal.WebHost|INFO|Request starting HTTP/1.1 GET http://localhost:5000/   
2016-08-19 15:05:52.6525|Microsoft.AspNetCore.StaticFiles.StaticFileMiddleware|DEBUG|The request path / does not match a supported file type 
2016-08-19 15:05:52.6525|Microsoft.AspNetCore.Routing.RouteBase|DEBUG|Request successfully matched the route with name 'default' and template '{controller=Home}/{action=Index}/{id?}'. 
2016-08-19 15:05:52.6525|Microsoft.AspNetCore.Mvc.Internal.ControllerActionInvoker|DEBUG|Executing action Novel.Web.Controllers.HomeController.Index (Novel.Web) 
2016-08-19 15:05:52.6525|Microsoft.AspNetCore.Mvc.Internal.ControllerActionInvoker|INFO|Executing action method Novel.Web.Controllers.HomeController.Index (Novel.Web) with arguments () - ModelState is Valid 
2016-08-19 15:05:52.6525|Novel.Web|INFO|日志测试：/Home/Index 
2016-08-19 15:05:52.6525|Microsoft.AspNetCore.Mvc.Internal.ControllerActionInvoker|DEBUG|Executed action method Novel.Web.Controllers.HomeController.Index (Novel.Web), returned result Microsoft.AspNetCore.Mvc.ViewResult. 
2016-08-19 15:05:52.6525|Microsoft.AspNetCore.Mvc.Razor.RazorViewEngine|DEBUG|View lookup cache hit for view 'Index' in controller 'Home'. 
2016-08-19 15:05:52.6525|Microsoft.AspNetCore.Mvc.ViewFeatures.Internal.ViewResultExecutor|DEBUG|The view 'Index' was found. 
2016-08-19 15:05:52.6525|Microsoft.AspNetCore.Mvc.ViewFeatures.Internal.ViewResultExecutor|INFO|Executing ViewResult, running view at path /Views/Home/Index.cshtml. 
2016-08-19 15:05:52.6525|Microsoft.AspNetCore.Mvc.Razor.RazorViewEngine|DEBUG|View lookup cache hit for view '_Layout' in controller 'Home'. 
2016-08-19 15:05:52.6525|Microsoft.AspNetCore.Mvc.Internal.ControllerActionInvoker|INFO|Executed action Novel.Web.Controllers.HomeController.Index (Novel.Web) in 5.194ms 
2016-08-19 15:05:52.6525|Microsoft.AspNetCore.Hosting.Internal.WebHost|INFO|Request finished in 7.5027ms 200 text/html; charset=utf-8 
2016-08-19 15:05:52.6525|Microsoft.AspNetCore.Server.Kestrel|DEBUG|Connection id "0HKU7VSUNBKAN" completed keep alive response. 
2016-08-19 15:07:15.1165|Microsoft.AspNetCore.Hosting.Internal.WebHost|DEBUG|Hosting starting 
2016-08-19 15:07:15.2496|Microsoft.AspNetCore.Hosting.Internal.WebHost|DEBUG|Hosting started 
2016-08-19 15:07:18.0987|Microsoft.AspNetCore.Server.Kestrel|DEBUG|Connection id "0HKU7VTQE3L9A" started. 
2016-08-19 15:07:18.1987|Microsoft.AspNetCore.Hosting.Internal.WebHost|INFO|Request starting HTTP/1.1 GET http://localhost:5000/   
2016-08-19 15:07:18.2247|Microsoft.AspNetCore.StaticFiles.StaticFileMiddleware|DEBUG|The request path / does not match a supported file type 
2016-08-19 15:07:18.3648|Microsoft.AspNetCore.Routing.RouteBase|DEBUG|Request successfully matched the route with name 'default' and template '{controller=Home}/{action=Index}/{id?}'. 
2016-08-19 15:07:18.4349|Microsoft.AspNetCore.Mvc.Internal.ControllerActionInvoker|DEBUG|Executing action Novel.Web.Controllers.HomeController.Index (Novel.Web) 
2016-08-19 15:07:18.5059|Microsoft.AspNetCore.Mvc.Internal.ControllerActionInvoker|INFO|Executing action method Novel.Web.Controllers.HomeController.Index (Novel.Web) with arguments () - ModelState is Valid 
2016-08-19 15:07:18.5079|Novel.Web|INFO|日志测试：/Home/Index 
2016-08-19 15:07:18.5079|Microsoft.AspNetCore.Mvc.Internal.ControllerActionInvoker|DEBUG|Executed action method Novel.Web.Controllers.HomeController.Index (Novel.Web), returned result Microsoft.AspNetCore.Mvc.ViewResult. 
2016-08-19 15:07:18.6210|Microsoft.AspNetCore.Mvc.Razor.RazorViewEngine|DEBUG|View lookup cache miss for view 'Index' in controller 'Home'. 
2016-08-19 15:07:18.6540|Microsoft.AspNetCore.Mvc.Razor.Internal.RazorCompilationService|DEBUG|Code generation for the Razor file at '/Views/Home/Index.cshtml' started. 
2016-08-19 15:07:18.9943|Microsoft.AspNetCore.Mvc.Razor.Internal.RazorCompilationService|DEBUG|Code generation for the Razor file at '/Views/Home/Index.cshtml' completed in 337.4954ms. 
2016-08-19 15:07:19.0133|Microsoft.AspNetCore.Mvc.Razor.Internal.DefaultRoslynCompilationService|DEBUG|Compilation of the generated code for the Razor file at '/Views/Home/Index.cshtml' started. 
2016-08-19 15:07:20.0390|Microsoft.AspNetCore.Mvc.Razor.Internal.DefaultRoslynCompilationService|DEBUG|Compilation of the generated code for the Razor file at '/Views/Home/Index.cshtml' completed in 1024.9886ms. 
2016-08-19 15:07:20.0390|Microsoft.AspNetCore.Mvc.Razor.Internal.RazorCompilationService|DEBUG|Code generation for the Razor file at '/Views/_ViewStart.cshtml' started. 
2016-08-19 15:07:20.0390|Microsoft.AspNetCore.Mvc.Razor.Internal.RazorCompilationService|DEBUG|Code generation for the Razor file at '/Views/_ViewStart.cshtml' completed in 2.1416ms. 
2016-08-19 15:07:20.0390|Microsoft.AspNetCore.Mvc.Razor.Internal.DefaultRoslynCompilationService|DEBUG|Compilation of the generated code for the Razor file at '/Views/_ViewStart.cshtml' started. 
2016-08-19 15:07:20.0811|Microsoft.AspNetCore.Mvc.Razor.Internal.DefaultRoslynCompilationService|DEBUG|Compilation of the generated code for the Razor file at '/Views/_ViewStart.cshtml' completed in 33.0144ms. 
2016-08-19 15:07:20.0891|Microsoft.AspNetCore.Mvc.ViewFeatures.Internal.ViewResultExecutor|DEBUG|The view 'Index' was found. 
2016-08-19 15:07:20.0891|Microsoft.AspNetCore.Mvc.ViewFeatures.Internal.ViewResultExecutor|INFO|Executing ViewResult, running view at path /Views/Home/Index.cshtml. 
2016-08-19 15:07:20.1811|Microsoft.Extensions.DependencyInjection.DataProtectionServices|INFO|User profile is available. Using 'C:\Users\mrpen\AppData\Local\ASP.NET\DataProtection-Keys' as key repository and Windows DPAPI to encrypt keys at rest. 
2016-08-19 15:07:20.3182|Microsoft.AspNetCore.Mvc.Razor.RazorViewEngine|DEBUG|View lookup cache miss for view '_Layout' in controller 'Home'. 
2016-08-19 15:07:20.3202|Microsoft.AspNetCore.Mvc.Razor.Internal.RazorCompilationService|DEBUG|Code generation for the Razor file at '/Views/Shared/_Layout.cshtml' started. 
2016-08-19 15:07:20.3483|Microsoft.AspNetCore.Mvc.Razor.Internal.RazorCompilationService|DEBUG|Code generation for the Razor file at '/Views/Shared/_Layout.cshtml' completed in 26.985ms. 
2016-08-19 15:07:20.3483|Microsoft.AspNetCore.Mvc.Razor.Internal.DefaultRoslynCompilationService|DEBUG|Compilation of the generated code for the Razor file at '/Views/Shared/_Layout.cshtml' started. 
2016-08-19 15:07:20.3773|Microsoft.AspNetCore.Mvc.Razor.Internal.DefaultRoslynCompilationService|DEBUG|Compilation of the generated code for the Razor file at '/Views/Shared/_Layout.cshtml' completed in 28.4427ms. 
2016-08-19 15:07:20.4553|Microsoft.AspNetCore.Mvc.Internal.ControllerActionInvoker|INFO|Executed action Novel.Web.Controllers.HomeController.Index (Novel.Web) in 2019.8328ms 
2016-08-19 15:07:20.4723|Microsoft.AspNetCore.Hosting.Internal.WebHost|INFO|Request finished in 2293.4639ms 200 text/html; charset=utf-8 
2016-08-19 15:07:20.4793|Microsoft.AspNetCore.Server.Kestrel|DEBUG|Connection id "0HKU7VTQE3L9A" completed keep alive response. 
2016-08-19 15:10:50.0261|Microsoft.AspNetCore.Hosting.Internal.WebHost|DEBUG|Hosting starting 
2016-08-19 15:10:50.1602|Microsoft.AspNetCore.Hosting.Internal.WebHost|DEBUG|Hosting started 
2016-08-19 15:10:57.0839|Microsoft.AspNetCore.Server.Kestrel|DEBUG|Connection id "0HKU7VVRMGAQ7" started. 
2016-08-19 15:10:57.1789|Microsoft.AspNetCore.Hosting.Internal.WebHost|INFO|Request starting HTTP/1.1 GET http://localhost:5000/   
2016-08-19 15:10:57.2059|Microsoft.AspNetCore.StaticFiles.StaticFileMiddleware|DEBUG|The request path / does not match a supported file type 
2016-08-19 15:10:57.3470|Microsoft.AspNetCore.Routing.RouteBase|DEBUG|Request successfully matched the route with name 'default' and template '{controller=Home}/{action=Index}/{id?}'. 
2016-08-19 15:10:57.4181|Microsoft.AspNetCore.Mvc.Internal.ControllerActionInvoker|DEBUG|Executing action Novel.Web.Controllers.HomeController.Index (Novel.Web) 
2016-08-19 15:10:57.4881|Microsoft.AspNetCore.Mvc.Internal.ControllerActionInvoker|INFO|Executing action method Novel.Web.Controllers.HomeController.Index (Novel.Web) with arguments () - ModelState is Valid 
2016-08-19 15:10:57.4881|Novel.Web|INFO|日志测试：/Home/Index 
2016-08-19 15:10:57.5061|Microsoft.AspNetCore.Mvc.Internal.ControllerActionInvoker|DEBUG|Executed action method Novel.Web.Controllers.HomeController.Index (Novel.Web), returned result Microsoft.AspNetCore.Mvc.ViewResult. 
2016-08-19 15:10:57.6143|Microsoft.AspNetCore.Mvc.Razor.RazorViewEngine|DEBUG|View lookup cache miss for view 'Index' in controller 'Home'. 
2016-08-19 15:10:57.6493|Microsoft.AspNetCore.Mvc.Razor.Internal.RazorCompilationService|DEBUG|Code generation for the Razor file at '/Views/Home/Index.cshtml' started. 
2016-08-19 15:10:57.9805|Microsoft.AspNetCore.Mvc.Razor.Internal.RazorCompilationService|DEBUG|Code generation for the Razor file at '/Views/Home/Index.cshtml' completed in 328.482ms. 
2016-08-19 15:10:57.9975|Microsoft.AspNetCore.Mvc.Razor.Internal.DefaultRoslynCompilationService|DEBUG|Compilation of the generated code for the Razor file at '/Views/Home/Index.cshtml' started. 
2016-08-19 15:10:59.0503|Microsoft.AspNetCore.Mvc.Razor.Internal.DefaultRoslynCompilationService|DEBUG|Compilation of the generated code for the Razor file at '/Views/Home/Index.cshtml' completed in 1051.4921ms. 
2016-08-19 15:10:59.0553|Microsoft.AspNetCore.Mvc.Razor.Internal.RazorCompilationService|DEBUG|Code generation for the Razor file at '/Views/_ViewStart.cshtml' started. 
2016-08-19 15:10:59.0553|Microsoft.AspNetCore.Mvc.Razor.Internal.RazorCompilationService|DEBUG|Code generation for the Razor file at '/Views/_ViewStart.cshtml' completed in 4.7729ms. 
2016-08-19 15:10:59.0553|Microsoft.AspNetCore.Mvc.Razor.Internal.DefaultRoslynCompilationService|DEBUG|Compilation of the generated code for the Razor file at '/Views/_ViewStart.cshtml' started. 
2016-08-19 15:10:59.0943|Microsoft.AspNetCore.Mvc.Razor.Internal.DefaultRoslynCompilationService|DEBUG|Compilation of the generated code for the Razor file at '/Views/_ViewStart.cshtml' completed in 32.5883ms. 
2016-08-19 15:10:59.1023|Microsoft.AspNetCore.Mvc.ViewFeatures.Internal.ViewResultExecutor|DEBUG|The view 'Index' was found. 
2016-08-19 15:10:59.1023|Microsoft.AspNetCore.Mvc.ViewFeatures.Internal.ViewResultExecutor|INFO|Executing ViewResult, running view at path /Views/Home/Index.cshtml. 
2016-08-19 15:10:59.1854|Microsoft.Extensions.DependencyInjection.DataProtectionServices|INFO|User profile is available. Using 'C:\Users\mrpen\AppData\Local\ASP.NET\DataProtection-Keys' as key repository and Windows DPAPI to encrypt keys at rest. 
2016-08-19 15:10:59.3044|Microsoft.AspNetCore.Mvc.Razor.RazorViewEngine|DEBUG|View lookup cache miss for view '_Layout' in controller 'Home'. 
2016-08-19 15:10:59.3044|Microsoft.AspNetCore.Mvc.Razor.Internal.RazorCompilationService|DEBUG|Code generation for the Razor file at '/Views/Shared/_Layout.cshtml' started. 
2016-08-19 15:10:59.3305|Microsoft.AspNetCore.Mvc.Razor.Internal.RazorCompilationService|DEBUG|Code generation for the Razor file at '/Views/Shared/_Layout.cshtml' completed in 24.2975ms. 
2016-08-19 15:10:59.3305|Microsoft.AspNetCore.Mvc.Razor.Internal.DefaultRoslynCompilationService|DEBUG|Compilation of the generated code for the Razor file at '/Views/Shared/_Layout.cshtml' started. 
2016-08-19 15:10:59.3585|Microsoft.AspNetCore.Mvc.Razor.Internal.DefaultRoslynCompilationService|DEBUG|Compilation of the generated code for the Razor file at '/Views/Shared/_Layout.cshtml' completed in 27.5277ms. 
2016-08-19 15:10:59.4355|Microsoft.AspNetCore.Mvc.Internal.ControllerActionInvoker|INFO|Executed action Novel.Web.Controllers.HomeController.Index (Novel.Web) in 2016.2508ms 
2016-08-19 15:10:59.4526|Microsoft.AspNetCore.Hosting.Internal.WebHost|INFO|Request finished in 2292.7803ms 200 text/html; charset=utf-8 
2016-08-19 15:10:59.4526|Microsoft.AspNetCore.Server.Kestrel|DEBUG|Connection id "0HKU7VVRMGAQ7" completed keep alive response. 
2016-08-19 15:16:05.7920|Microsoft.AspNetCore.Server.Kestrel|DEBUG|Connection id "0HKU7VVRMGAQ7" received FIN. 
2016-08-19 15:16:05.7920|Microsoft.AspNetCore.Server.Kestrel|DEBUG|Connection id "0HKU7VVRMGAQ7" disconnecting. 
2016-08-19 15:16:05.8040|Microsoft.AspNetCore.Server.Kestrel|DEBUG|Connection id "0HKU7VVRMGAQ7" sending FIN. 
2016-08-19 15:16:05.8040|Microsoft.AspNetCore.Server.Kestrel|DEBUG|Connection id "0HKU7VVRMGAQ7" sent FIN with status "0". 
2016-08-19 15:16:05.8040|Microsoft.AspNetCore.Server.Kestrel|DEBUG|Connection id "0HKU7VVRMGAQ7" stopped. 
2016-08-19 15:16:33.5824|Microsoft.AspNetCore.Hosting.Internal.WebHost|DEBUG|Hosting starting 
2016-08-19 15:16:33.7505|Microsoft.AspNetCore.Hosting.Internal.WebHost|DEBUG|Hosting started 
2016-08-19 15:16:43.2895|Microsoft.AspNetCore.Server.Kestrel|DEBUG|Connection id "0HKU8032S67EK" started. 
2016-08-19 15:16:43.3836|Microsoft.AspNetCore.Hosting.Internal.WebHost|INFO|Request starting HTTP/1.1 GET http://localhost:5000/   
2016-08-19 15:16:43.4106|Microsoft.AspNetCore.StaticFiles.StaticFileMiddleware|DEBUG|The request path / does not match a supported file type 
2016-08-19 15:16:43.5527|Microsoft.AspNetCore.Routing.RouteBase|DEBUG|Request successfully matched the route with name 'default' and template '{controller=Home}/{action=Index}/{id?}'. 
2016-08-19 15:16:43.6198|Microsoft.AspNetCore.Mvc.Internal.ControllerActionInvoker|DEBUG|Executing action Novel.Web.Controllers.HomeController.Index (Novel.Web) 
2016-08-19 15:16:43.6908|Microsoft.AspNetCore.Mvc.Internal.ControllerActionInvoker|INFO|Executing action method Novel.Web.Controllers.HomeController.Index (Novel.Web) with arguments () - ModelState is Valid 
2016-08-19 15:16:43.6908|Novel.Web|INFO|日志测试：/Home/Index 
2016-08-19 15:16:43.6988|Microsoft.AspNetCore.Mvc.Internal.ControllerActionInvoker|DEBUG|Executed action method Novel.Web.Controllers.HomeController.Index (Novel.Web), returned result Microsoft.AspNetCore.Mvc.ViewResult. 
2016-08-19 15:16:43.8099|Microsoft.AspNetCore.Mvc.Razor.RazorViewEngine|DEBUG|View lookup cache miss for view 'Index' in controller 'Home'. 
2016-08-19 15:16:43.8419|Microsoft.AspNetCore.Mvc.Razor.Internal.RazorCompilationService|DEBUG|Code generation for the Razor file at '/Views/Home/Index.cshtml' started. 
2016-08-19 15:16:44.1751|Microsoft.AspNetCore.Mvc.Razor.Internal.RazorCompilationService|DEBUG|Code generation for the Razor file at '/Views/Home/Index.cshtml' completed in 330.8828ms. 
2016-08-19 15:16:44.1942|Microsoft.AspNetCore.Mvc.Razor.Internal.DefaultRoslynCompilationService|DEBUG|Compilation of the generated code for the Razor file at '/Views/Home/Index.cshtml' started. 
2016-08-19 15:16:45.1929|Microsoft.AspNetCore.Mvc.Razor.Internal.DefaultRoslynCompilationService|DEBUG|Compilation of the generated code for the Razor file at '/Views/Home/Index.cshtml' completed in 997.7426ms. 
2016-08-19 15:16:45.1979|Microsoft.AspNetCore.Mvc.Razor.Internal.RazorCompilationService|DEBUG|Code generation for the Razor file at '/Views/_ViewStart.cshtml' started. 
2016-08-19 15:16:45.1979|Microsoft.AspNetCore.Mvc.Razor.Internal.RazorCompilationService|DEBUG|Code generation for the Razor file at '/Views/_ViewStart.cshtml' completed in 2.071ms. 
2016-08-19 15:16:45.1979|Microsoft.AspNetCore.Mvc.Razor.Internal.DefaultRoslynCompilationService|DEBUG|Compilation of the generated code for the Razor file at '/Views/_ViewStart.cshtml' started. 
2016-08-19 15:16:45.2349|Microsoft.AspNetCore.Mvc.Razor.Internal.DefaultRoslynCompilationService|DEBUG|Compilation of the generated code for the Razor file at '/Views/_ViewStart.cshtml' completed in 32.9675ms. 
2016-08-19 15:16:45.2349|Microsoft.AspNetCore.Mvc.ViewFeatures.Internal.ViewResultExecutor|DEBUG|The view 'Index' was found. 
2016-08-19 15:16:45.2429|Microsoft.AspNetCore.Mvc.ViewFeatures.Internal.ViewResultExecutor|INFO|Executing ViewResult, running view at path /Views/Home/Index.cshtml. 
2016-08-19 15:16:45.3280|Microsoft.Extensions.DependencyInjection.DataProtectionServices|INFO|User profile is available. Using 'C:\Users\mrpen\AppData\Local\ASP.NET\DataProtection-Keys' as key repository and Windows DPAPI to encrypt keys at rest. 
2016-08-19 15:16:45.4611|Microsoft.AspNetCore.Mvc.Razor.RazorViewEngine|DEBUG|View lookup cache miss for view '_Layout' in controller 'Home'. 
2016-08-19 15:16:45.4611|Microsoft.AspNetCore.Mvc.Razor.Internal.RazorCompilationService|DEBUG|Code generation for the Razor file at '/Views/Shared/_Layout.cshtml' started. 
2016-08-19 15:16:45.4851|Microsoft.AspNetCore.Mvc.Razor.Internal.RazorCompilationService|DEBUG|Code generation for the Razor file at '/Views/Shared/_Layout.cshtml' completed in 21.9123ms. 
2016-08-19 15:16:45.4851|Microsoft.AspNetCore.Mvc.Razor.Internal.DefaultRoslynCompilationService|DEBUG|Compilation of the generated code for the Razor file at '/Views/Shared/_Layout.cshtml' started. 
2016-08-19 15:16:45.5151|Microsoft.AspNetCore.Mvc.Razor.Internal.DefaultRoslynCompilationService|DEBUG|Compilation of the generated code for the Razor file at '/Views/Shared/_Layout.cshtml' completed in 28.9236ms. 
2016-08-19 15:16:45.5972|Microsoft.AspNetCore.Mvc.Internal.ControllerActionInvoker|INFO|Executed action Novel.Web.Controllers.HomeController.Index (Novel.Web) in 1976.6877ms 
2016-08-19 15:16:45.6052|Microsoft.AspNetCore.Hosting.Internal.WebHost|INFO|Request finished in 2243.4522ms 200 text/html; charset=utf-8 
2016-08-19 15:16:45.6192|Microsoft.AspNetCore.Server.Kestrel|DEBUG|Connection id "0HKU8032S67EK" completed keep alive response. 
2016-08-19 15:21:53.7859|Microsoft.AspNetCore.Server.Kestrel|DEBUG|Connection id "0HKU8032S67EK" received FIN. 
2016-08-19 15:21:53.7929|Microsoft.AspNetCore.Server.Kestrel|DEBUG|Connection id "0HKU8032S67EK" disconnecting. 
2016-08-19 15:21:53.7929|Microsoft.AspNetCore.Server.Kestrel|DEBUG|Connection id "0HKU8032S67EK" sending FIN. 
2016-08-19 15:21:53.7929|Microsoft.AspNetCore.Server.Kestrel|DEBUG|Connection id "0HKU8032S67EK" sent FIN with status "0". 
2016-08-19 15:21:53.8039|Microsoft.AspNetCore.Server.Kestrel|DEBUG|Connection id "0HKU8032S67EK" stopped. 
